androidApp/build/intermediates/manifest_merge_blame_file/debug/processDebugMainManifest/manifest-merger-blame-debug-report.txt
1<?xml version="1.0" encoding="utf-8"?>
2<manifest xmlns:android="http://schemas.android.com/apk/res/android"
3    package="com.merkost.metronome"
4    android:versionCode="4"
5    android:versionName="1.0.3" >
6
7    <uses-sdk
8        android:minSdkVersion="26"
9        android:targetSdkVersion="35" />
10
11    <uses-permission android:name="android.permission.POST_NOTIFICATIONS" />
11-->src/main/AndroidManifest.xml:5:5-77
11-->src/main/AndroidManifest.xml:5:22-74
12    <uses-permission android:name="android.permission.FOREGROUND_SERVICE" />
12-->src/main/AndroidManifest.xml:6:5-77
12-->src/main/AndroidManifest.xml:6:22-74
13    <uses-permission android:name="android.permission.FOREGROUND_SERVICE_MEDIA_PLAYBACK" />
13-->src/main/AndroidManifest.xml:7:5-92
13-->src/main/AndroidManifest.xml:7:22-89
14    <uses-permission android:name="android.permission.VIBRATE" />
14-->[:shared] AndroidManifest.xml:7:5-66
14-->[:shared] AndroidManifest.xml:7:22-63
15    <uses-permission android:name="android.permission.INTERNET" />
15-->[com.google.firebase:firebase-crashlytics:20.0.4] AndroidManifest.xml:7:5-67
15-->[com.google.firebase:firebase-crashlytics:20.0.4] AndroidManifest.xml:7:22-64
16    <uses-permission android:name="android.permission.ACCESS_NETWORK_STATE" />
16-->[com.google.android.gms:play-services-measurement:23.2.0] AndroidManifest.xml:24:5-79
16-->[com.google.android.gms:play-services-measurement:23.2.0] AndroidManifest.xml:24:22-76
17    <uses-permission android:name="android.permission.WAKE_LOCK" />
17-->[com.google.android.gms:play-services-measurement:23.2.0] AndroidManifest.xml:25:5-68
17-->[com.google.android.gms:play-services-measurement:23.2.0] AndroidManifest.xml:25:22-65
18    <uses-permission android:name="com.google.android.finsky.permission.BIND_GET_INSTALL_REFERRER_SERVICE" />
18-->[com.google.android.gms:play-services-measurement:23.2.0] AndroidManifest.xml:26:5-110
18-->[com.google.android.gms:play-services-measurement:23.2.0] AndroidManifest.xml:26:22-107
19    <uses-permission android:name="com.google.android.gms.permission.AD_ID" />
19-->[com.google.android.gms:play-services-measurement-api:23.2.0] AndroidManifest.xml:25:5-79
19-->[com.google.android.gms:play-services-measurement-api:23.2.0] AndroidManifest.xml:25:22-76
20    <uses-permission android:name="android.permission.ACCESS_ADSERVICES_ATTRIBUTION" />
20-->[com.google.android.gms:play-services-measurement-api:23.2.0] AndroidManifest.xml:26:5-88
20-->[com.google.android.gms:play-services-measurement-api:23.2.0] AndroidManifest.xml:26:22-85
21    <uses-permission android:name="android.permission.ACCESS_ADSERVICES_AD_ID" />
21-->[com.google.android.gms:play-services-measurement-api:23.2.0] AndroidManifest.xml:27:5-82
21-->[com.google.android.gms:play-services-measurement-api:23.2.0] AndroidManifest.xml:27:22-79
22
23    <permission
23-->[androidx.core:core:1.18.0] AndroidManifest.xml:22:5-24:47
24        android:name="com.merkost.metronome.DYNAMIC_RECEIVER_NOT_EXPORTED_PERMISSION"
24-->[androidx.core:core:1.18.0] AndroidManifest.xml:23:9-81
25        android:protectionLevel="signature" />
25-->[androidx.core:core:1.18.0] AndroidManifest.xml:24:9-44
26
27    <uses-permission android:name="com.merkost.metronome.DYNAMIC_RECEIVER_NOT_EXPORTED_PERMISSION" />
27-->[androidx.core:core:1.18.0] AndroidManifest.xml:26:5-97
27-->[androidx.core:core:1.18.0] AndroidManifest.xml:26:22-94
28
29    <application
29-->src/main/AndroidManifest.xml:9:5-37:19
30        android:name="com.merkost.metronome.app.MetronomeApp"
30-->src/main/AndroidManifest.xml:10:9-62
31        android:allowBackup="true"
31-->src/main/AndroidManifest.xml:11:9-35
32        android:appComponentFactory="androidx.core.app.CoreComponentFactory"
32-->[androidx.core:core:1.18.0] AndroidManifest.xml:28:18-86
33        android:dataExtractionRules="@xml/data_extraction_rules"
33-->src/main/AndroidManifest.xml:12:9-65
34        android:debuggable="true"
35        android:extractNativeLibs="false"
36        android:fullBackupContent="@xml/backup_rules"
36-->src/main/AndroidManifest.xml:13:9-54
37        android:icon="@mipmap/ic_launcher"
37-->src/main/AndroidManifest.xml:14:9-43
38        android:label="@string/app_name"
38-->src/main/AndroidManifest.xml:15:9-41
39        android:supportsRtl="true"
39-->src/main/AndroidManifest.xml:16:9-35
40        android:theme="@style/Theme.Metronome" >
40-->src/main/AndroidManifest.xml:17:9-47
41        <service
41-->src/main/AndroidManifest.xml:20:9-24:40
42            android:name="com.merkost.metronome.MetronomeService"
42-->src/main/AndroidManifest.xml:21:13-66
43            android:enabled="true"
43-->src/main/AndroidManifest.xml:23:13-35
44            android:exported="false"
44-->src/main/AndroidManifest.xml:24:13-37
45            android:foregroundServiceType="mediaPlayback" />
45-->src/main/AndroidManifest.xml:22:13-58
46
47        <activity
47-->src/main/AndroidManifest.xml:26:9-36:20
48            android:name="com.merkost.metronome.MainActivity"
48-->src/main/AndroidManifest.xml:27:13-62
49            android:exported="true"
49-->src/main/AndroidManifest.xml:28:13-36
50            android:label="@string/app_name"
50-->src/main/AndroidManifest.xml:30:13-45
51            android:screenOrientation="portrait"
51-->src/main/AndroidManifest.xml:29:13-49
52            android:theme="@style/Theme.Metronome" >
52-->src/main/AndroidManifest.xml:31:13-51
53            <intent-filter>
53-->src/main/AndroidManifest.xml:32:13-35:29
54                <action android:name="android.intent.action.MAIN" />
54-->src/main/AndroidManifest.xml:33:17-69
54-->src/main/AndroidManifest.xml:33:25-66
55
56                <category android:name="android.intent.category.LAUNCHER" />
56-->src/main/AndroidManifest.xml:34:17-77
56-->src/main/AndroidManifest.xml:34:27-74
57            </intent-filter>
58        </activity>
59
60        <service
60-->[com.google.firebase:firebase-crashlytics:20.0.4] AndroidManifest.xml:12:9-21:19
61            android:name="com.google.firebase.components.ComponentDiscoveryService"
61-->[com.google.firebase:firebase-crashlytics:20.0.4] AndroidManifest.xml:13:13-84
62            android:directBootAware="true"
62-->[com.google.firebase:firebase-common:22.0.1] AndroidManifest.xml:32:13-43
63            android:exported="false" >
63-->[com.google.firebase:firebase-crashlytics:20.0.4] AndroidManifest.xml:14:13-37
64            <meta-data
64-->[com.google.firebase:firebase-crashlytics:20.0.4] AndroidManifest.xml:15:13-17:85
65                android:name="com.google.firebase.components:com.google.firebase.crashlytics.FirebaseCrashlyticsKtxRegistrar"
65-->[com.google.firebase:firebase-crashlytics:20.0.4] AndroidManifest.xml:16:17-126
66                android:value="com.google.firebase.components.ComponentRegistrar" />
66-->[com.google.firebase:firebase-crashlytics:20.0.4] AndroidManifest.xml:17:17-82
67            <meta-data
67-->[com.google.firebase:firebase-crashlytics:20.0.4] AndroidManifest.xml:18:13-20:85
68                android:name="com.google.firebase.components:com.google.firebase.crashlytics.CrashlyticsRegistrar"
68-->[com.google.firebase:firebase-crashlytics:20.0.4] AndroidManifest.xml:19:17-115
69                android:value="com.google.firebase.components.ComponentRegistrar" />
69-->[com.google.firebase:firebase-crashlytics:20.0.4] AndroidManifest.xml:20:17-82
70            <meta-data
70-->[com.google.firebase:firebase-perf:22.0.4] AndroidManifest.xml:14:13-16:85
71                android:name="com.google.firebase.components:com.google.firebase.perf.FirebasePerfKtxRegistrar"
71-->[com.google.firebase:firebase-perf:22.0.4] AndroidManifest.xml:15:17-112
72                android:value="com.google.firebase.components.ComponentRegistrar" />
72-->[com.google.firebase:firebase-perf:22.0.4] AndroidManifest.xml:16:17-82
73            <meta-data
73-->[com.google.firebase:firebase-perf:22.0.4] AndroidManifest.xml:17:13-19:85
74                android:name="com.google.firebase.components:com.google.firebase.perf.FirebasePerfRegistrar"
74-->[com.google.firebase:firebase-perf:22.0.4] AndroidManifest.xml:18:17-109
75                android:value="com.google.firebase.components.ComponentRegistrar" />
75-->[com.google.firebase:firebase-perf:22.0.4] AndroidManifest.xml:19:17-82
76            <meta-data
76-->[com.google.android.gms:play-services-measurement-api:23.2.0] AndroidManifest.xml:33:13-35:85
77                android:name="com.google.firebase.components:com.google.firebase.analytics.connector.internal.AnalyticsConnectorRegistrar"
77-->[com.google.android.gms:play-services-measurement-api:23.2.0] AndroidManifest.xml:34:17-139
78                android:value="com.google.firebase.components.ComponentRegistrar" />
78-->[com.google.android.gms:play-services-measurement-api:23.2.0] AndroidManifest.xml:35:17-82
79            <meta-data
79-->[com.google.firebase:firebase-sessions:3.0.4] AndroidManifest.xml:29:13-31:85
80                android:name="com.google.firebase.components:com.google.firebase.sessions.FirebaseSessionsRegistrar"
80-->[com.google.firebase:firebase-sessions:3.0.4] AndroidManifest.xml:30:17-117
81                android:value="com.google.firebase.components.ComponentRegistrar" />
81-->[com.google.firebase:firebase-sessions:3.0.4] AndroidManifest.xml:31:17-82
82            <meta-data
82-->[com.google.firebase:firebase-config:23.0.1] AndroidManifest.xml:29:13-31:85
83                android:name="com.google.firebase.components:com.google.firebase.remoteconfig.FirebaseRemoteConfigKtxRegistrar"
83-->[com.google.firebase:firebase-config:23.0.1] AndroidManifest.xml:30:17-128
84                android:value="com.google.firebase.components.ComponentRegistrar" />
84-->[com.google.firebase:firebase-config:23.0.1] AndroidManifest.xml:31:17-82
85            <meta-data
85-->[com.google.firebase:firebase-config:23.0.1] AndroidManifest.xml:32:13-34:85
86                android:name="com.google.firebase.components:com.google.firebase.remoteconfig.RemoteConfigRegistrar"
86-->[com.google.firebase:firebase-config:23.0.1] AndroidManifest.xml:33:17-117
87                android:value="com.google.firebase.components.ComponentRegistrar" />
87-->[com.google.firebase:firebase-config:23.0.1] AndroidManifest.xml:34:17-82
88            <meta-data
88-->[com.google.firebase:firebase-installations:19.1.0] AndroidManifest.xml:15:13-17:85
89                android:name="com.google.firebase.components:com.google.firebase.installations.FirebaseInstallationsKtxRegistrar"
89-->[com.google.firebase:firebase-installations:19.1.0] AndroidManifest.xml:16:17-130
90                android:value="com.google.firebase.components.ComponentRegistrar" />
90-->[com.google.firebase:firebase-installations:19.1.0] AndroidManifest.xml:17:17-82
91            <meta-data
91-->[com.google.firebase:firebase-installations:19.1.0] AndroidManifest.xml:18:13-20:85
92                android:name="com.google.firebase.components:com.google.firebase.installations.FirebaseInstallationsRegistrar"
92-->[com.google.firebase:firebase-installations:19.1.0] AndroidManifest.xml:19:17-127
93                android:value="com.google.firebase.components.ComponentRegistrar" />
93-->[com.google.firebase:firebase-installations:19.1.0] AndroidManifest.xml:20:17-82
94            <meta-data
94-->[com.google.firebase:firebase-common:22.0.1] AndroidManifest.xml:35:13-37:85
95                android:name="com.google.firebase.components:com.google.firebase.FirebaseCommonKtxRegistrar"
95-->[com.google.firebase:firebase-common:22.0.1] AndroidManifest.xml:36:17-109
96                android:value="com.google.firebase.components.ComponentRegistrar" />
96-->[com.google.firebase:firebase-common:22.0.1] AndroidManifest.xml:37:17-82
97            <meta-data
97-->[com.google.firebase:firebase-abt:21.1.1] AndroidManifest.xml:12:13-14:85
98                android:name="com.google.firebase.components:com.google.firebase.abt.component.AbtRegistrar"
98-->[com.google.firebase:firebase-abt:21.1.1] AndroidManifest.xml:13:17-109
99                android:value="com.google.firebase.components.ComponentRegistrar" />
99-->[com.google.firebase:firebase-abt:21.1.1] AndroidManifest.xml:14:17-82
100            <meta-data
100-->[com.google.firebase:firebase-datatransport:19.0.0] AndroidManifest.xml:25:13-27:85
101                android:name="com.google.firebase.components:com.google.firebase.datatransport.TransportRegistrar"
101-->[com.google.firebase:firebase-datatransport:19.0.0] AndroidManifest.xml:26:17-115
102                android:value="com.google.firebase.components.ComponentRegistrar" />
102-->[com.google.firebase:firebase-datatransport:19.0.0] AndroidManifest.xml:27:17-82
103        </service>
104
105        <receiver
105-->[com.google.android.gms:play-services-measurement:23.2.0] AndroidManifest.xml:29:9-33:20
106            android:name="com.google.android.gms.measurement.AppMeasurementReceiver"
106-->[com.google.android.gms:play-services-measurement:23.2.0] AndroidManifest.xml:30:13-85
107            android:enabled="true"
107-->[com.google.android.gms:play-services-measurement:23.2.0] AndroidManifest.xml:31:13-35
108            android:exported="false" >
108-->[com.google.android.gms:play-services-measurement:23.2.0] AndroidManifest.xml:32:13-37
109        </receiver>
110
111        <service
111-->[com.google.android.gms:play-services-measurement:23.2.0] AndroidManifest.xml:35:9-38:40
112            android:name="com.google.android.gms.measurement.AppMeasurementService"
112-->[com.google.android.gms:play-services-measurement:23.2.0] AndroidManifest.xml:36:13-84
113            android:enabled="true"
113-->[com.google.android.gms:play-services-measurement:23.2.0] AndroidManifest.xml:37:13-35
114            android:exported="false" />
114-->[com.google.android.gms:play-services-measurement:23.2.0] AndroidManifest.xml:38:13-37
115        <service
115-->[com.google.android.gms:play-services-measurement:23.2.0] AndroidManifest.xml:39:9-43:72
116            android:name="com.google.android.gms.measurement.AppMeasurementJobService"
116-->[com.google.android.gms:play-services-measurement:23.2.0] AndroidManifest.xml:40:13-87
117            android:enabled="true"
117-->[com.google.android.gms:play-services-measurement:23.2.0] AndroidManifest.xml:41:13-35
118            android:exported="false"
118-->[com.google.android.gms:play-services-measurement:23.2.0] AndroidManifest.xml:42:13-37
119            android:permission="android.permission.BIND_JOB_SERVICE" />
119-->[com.google.android.gms:play-services-measurement:23.2.0] AndroidManifest.xml:43:13-69
120        <service
120-->[com.google.firebase:firebase-sessions:3.0.4] AndroidManifest.xml:22:9-25:40
121            android:name="com.google.firebase.sessions.SessionLifecycleService"
121-->[com.google.firebase:firebase-sessions:3.0.4] AndroidManifest.xml:23:13-80
122            android:enabled="false"
122-->[com.google.firebase:firebase-sessions:3.0.4] AndroidManifest.xml:24:13-36
123            android:exported="false" />
123-->[com.google.firebase:firebase-sessions:3.0.4] AndroidManifest.xml:25:13-37
124
125        <provider
125-->[com.google.firebase:firebase-common:22.0.1] AndroidManifest.xml:23:9-28:39
126            android:name="com.google.firebase.provider.FirebaseInitProvider"
126-->[com.google.firebase:firebase-common:22.0.1] AndroidManifest.xml:24:13-77
127            android:authorities="com.merkost.metronome.firebaseinitprovider"
127-->[com.google.firebase:firebase-common:22.0.1] AndroidManifest.xml:25:13-72
128            android:directBootAware="true"
128-->[com.google.firebase:firebase-common:22.0.1] AndroidManifest.xml:26:13-43
129            android:exported="false"
129-->[com.google.firebase:firebase-common:22.0.1] AndroidManifest.xml:27:13-37
130            android:initOrder="100" />
130-->[com.google.firebase:firebase-common:22.0.1] AndroidManifest.xml:28:13-36
131        <provider
131-->[org.jetbrains.compose.components:components-resources-android:1.11.0-beta01] AndroidManifest.xml:8:9-13:20
132            android:name="org.jetbrains.compose.resources.AndroidContextProvider"
132-->[org.jetbrains.compose.components:components-resources-android:1.11.0-beta01] AndroidManifest.xml:9:13-82
133            android:authorities="com.merkost.metronome.resources.AndroidContextProvider"
133-->[org.jetbrains.compose.components:components-resources-android:1.11.0-beta01] AndroidManifest.xml:10:13-84
134            android:enabled="true"
134-->[org.jetbrains.compose.components:components-resources-android:1.11.0-beta01] AndroidManifest.xml:11:13-35
135            android:exported="false" >
135-->[org.jetbrains.compose.components:components-resources-android:1.11.0-beta01] AndroidManifest.xml:12:13-37
136        </provider>
137
138        <uses-library
138-->[androidx.privacysandbox.ads:ads-adservices:1.1.0-beta11] AndroidManifest.xml:23:9-25:40
139            android:name="android.ext.adservices"
139-->[androidx.privacysandbox.ads:ads-adservices:1.1.0-beta11] AndroidManifest.xml:24:13-50
140            android:required="false" />
140-->[androidx.privacysandbox.ads:ads-adservices:1.1.0-beta11] AndroidManifest.xml:25:13-37
141        <uses-library
141-->[androidx.window:window:1.5.0] AndroidManifest.xml:23:9-25:40
142            android:name="androidx.window.extensions"
142-->[androidx.window:window:1.5.0] AndroidManifest.xml:24:13-54
143            android:required="false" />
143-->[androidx.window:window:1.5.0] AndroidManifest.xml:25:13-37
144        <uses-library
144-->[androidx.window:window:1.5.0] AndroidManifest.xml:26:9-28:40
145            android:name="androidx.window.sidecar"
145-->[androidx.window:window:1.5.0] AndroidManifest.xml:27:13-51
146            android:required="false" />
146-->[androidx.window:window:1.5.0] AndroidManifest.xml:28:13-37
147
148        <activity
148-->[com.google.android.gms:play-services-base:18.5.0] AndroidManifest.xml:5:9-173
149            android:name="com.google.android.gms.common.api.GoogleApiActivity"
149-->[com.google.android.gms:play-services-base:18.5.0] AndroidManifest.xml:5:19-85
150            android:exported="false"
150-->[com.google.android.gms:play-services-base:18.5.0] AndroidManifest.xml:5:146-170
151            android:theme="@android:style/Theme.Translucent.NoTitleBar" />
151-->[com.google.android.gms:play-services-base:18.5.0] AndroidManifest.xml:5:86-145
152
153        <provider
153-->[androidx.emoji2:emoji2:1.4.0] AndroidManifest.xml:24:9-32:20
154            android:name="androidx.startup.InitializationProvider"
154-->[androidx.emoji2:emoji2:1.4.0] AndroidManifest.xml:25:13-67
155            android:authorities="com.merkost.metronome.androidx-startup"
155-->[androidx.emoji2:emoji2:1.4.0] AndroidManifest.xml:26:13-68
156            android:exported="false" >
156-->[androidx.emoji2:emoji2:1.4.0] AndroidManifest.xml:27:13-37
157            <meta-data
157-->[androidx.emoji2:emoji2:1.4.0] AndroidManifest.xml:29:13-31:52
158                android:name="androidx.emoji2.text.EmojiCompatInitializer"
158-->[androidx.emoji2:emoji2:1.4.0] AndroidManifest.xml:30:17-75
159                android:value="androidx.startup" />
159-->[androidx.emoji2:emoji2:1.4.0] AndroidManifest.xml:31:17-49
160            <meta-data
160-->[androidx.lifecycle:lifecycle-process:2.10.0] AndroidManifest.xml:29:13-31:52
161                android:name="androidx.lifecycle.ProcessLifecycleInitializer"
161-->[androidx.lifecycle:lifecycle-process:2.10.0] AndroidManifest.xml:30:17-78
162                android:value="androidx.startup" />
162-->[androidx.lifecycle:lifecycle-process:2.10.0] AndroidManifest.xml:31:17-49
163            <meta-data
163-->[androidx.profileinstaller:profileinstaller:1.4.0] AndroidManifest.xml:29:13-31:52
164                android:name="androidx.profileinstaller.ProfileInstallerInitializer"
164-->[androidx.profileinstaller:profileinstaller:1.4.0] AndroidManifest.xml:30:17-85
165                android:value="androidx.startup" />
165-->[androidx.profileinstaller:profileinstaller:1.4.0] AndroidManifest.xml:31:17-49
166        </provider>
167
168        <meta-data
168-->[com.google.android.gms:play-services-basement:18.9.0] AndroidManifest.xml:21:9-23:69
169            android:name="com.google.android.gms.version"
169-->[com.google.android.gms:play-services-basement:18.9.0] AndroidManifest.xml:22:13-58
170            android:value="@integer/google_play_services_version" />
170-->[com.google.android.gms:play-services-basement:18.9.0] AndroidManifest.xml:23:13-66
171
172        <service
172-->[com.google.android.datatransport:transport-backend-cct:3.3.0] AndroidManifest.xml:26:9-32:19
173            android:name="com.google.android.datatransport.runtime.backends.TransportBackendDiscovery"
173-->[com.google.android.datatransport:transport-backend-cct:3.3.0] AndroidManifest.xml:27:13-103
174            android:exported="false" >
174-->[com.google.android.datatransport:transport-backend-cct:3.3.0] AndroidManifest.xml:28:13-37
175            <meta-data
175-->[com.google.android.datatransport:transport-backend-cct:3.3.0] AndroidManifest.xml:29:13-31:39
176                android:name="backend:com.google.android.datatransport.cct.CctBackendFactory"
176-->[com.google.android.datatransport:transport-backend-cct:3.3.0] AndroidManifest.xml:30:17-94
177                android:value="cct" />
177-->[com.google.android.datatransport:transport-backend-cct:3.3.0] AndroidManifest.xml:31:17-36
178        </service>
179        <service
179-->[com.google.android.datatransport:transport-runtime:3.3.0] AndroidManifest.xml:24:9-28:19
180            android:name="com.google.android.datatransport.runtime.scheduling.jobscheduling.JobInfoSchedulerService"
180-->[com.google.android.datatransport:transport-runtime:3.3.0] AndroidManifest.xml:25:13-117
181            android:exported="false"
181-->[com.google.android.datatransport:transport-runtime:3.3.0] AndroidManifest.xml:26:13-37
182            android:permission="android.permission.BIND_JOB_SERVICE" >
182-->[com.google.android.datatransport:transport-runtime:3.3.0] AndroidManifest.xml:27:13-69
183        </service>
184
185        <receiver
185-->[com.google.android.datatransport:transport-runtime:3.3.0] AndroidManifest.xml:30:9-32:40
186            android:name="com.google.android.datatransport.runtime.scheduling.jobscheduling.AlarmManagerSchedulerBroadcastReceiver"
186-->[com.google.android.datatransport:transport-runtime:3.3.0] AndroidManifest.xml:31:13-132
187            android:exported="false" />
187-->[com.google.android.datatransport:transport-runtime:3.3.0] AndroidManifest.xml:32:13-37
188        <receiver
188-->[androidx.profileinstaller:profileinstaller:1.4.0] AndroidManifest.xml:34:9-52:20
189            android:name="androidx.profileinstaller.ProfileInstallReceiver"
189-->[androidx.profileinstaller:profileinstaller:1.4.0] AndroidManifest.xml:35:13-76
190            android:directBootAware="false"
190-->[androidx.profileinstaller:profileinstaller:1.4.0] AndroidManifest.xml:36:13-44
191            android:enabled="true"
191-->[androidx.profileinstaller:profileinstaller:1.4.0] AndroidManifest.xml:37:13-35
192            android:exported="true"
192-->[androidx.profileinstaller:profileinstaller:1.4.0] AndroidManifest.xml:38:13-36
193            android:permission="android.permission.DUMP" >
193-->[androidx.profileinstaller:profileinstaller:1.4.0] AndroidManifest.xml:39:13-57
194            <intent-filter>
194-->[androidx.profileinstaller:profileinstaller:1.4.0] AndroidManifest.xml:40:13-42:29
195                <action android:name="androidx.profileinstaller.action.INSTALL_PROFILE" />
195-->[androidx.profileinstaller:profileinstaller:1.4.0] AndroidManifest.xml:41:17-91
195-->[androidx.profileinstaller:profileinstaller:1.4.0] AndroidManifest.xml:41:25-88
196            </intent-filter>
197            <intent-filter>
197-->[androidx.profileinstaller:profileinstaller:1.4.0] AndroidManifest.xml:43:13-45:29
198                <action android:name="androidx.profileinstaller.action.SKIP_FILE" />
198-->[androidx.profileinstaller:profileinstaller:1.4.0] AndroidManifest.xml:44:17-85
198-->[androidx.profileinstaller:profileinstaller:1.4.0] AndroidManifest.xml:44:25-82
199            </intent-filter>
200            <intent-filter>
200-->[androidx.profileinstaller:profileinstaller:1.4.0] AndroidManifest.xml:46:13-48:29
201                <action android:name="androidx.profileinstaller.action.SAVE_PROFILE" />
201-->[androidx.profileinstaller:profileinstaller:1.4.0] AndroidManifest.xml:47:17-88
201-->[androidx.profileinstaller:profileinstaller:1.4.0] AndroidManifest.xml:47:25-85
202            </intent-filter>
203            <intent-filter>
203-->[androidx.profileinstaller:profileinstaller:1.4.0] AndroidManifest.xml:49:13-51:29
204                <action android:name="androidx.profileinstaller.action.BENCHMARK_OPERATION" />
204-->[androidx.profileinstaller:profileinstaller:1.4.0] AndroidManifest.xml:50:17-95
204-->[androidx.profileinstaller:profileinstaller:1.4.0] AndroidManifest.xml:50:25-92
205            </intent-filter>
206        </receiver>
207    </application>
208
209</manifest>